<?xml version="1.0" encoding="UTF-8"?>
<!-- Generated by org.testng.reporters.JUnitReportReporter -->
<testsuite hostname="krishantha" name="org.wso2.carbon.dss.syntax.test.ServerStartupTestCase" tests="2" failures="0" timestamp="3 Oct 2012 12:21:17 GMT" time="0.123" errors="0">
  <testcase name="testVerifyLogs" time="0.059" classname="org.wso2.carbon.dss.syntax.test.ServerStartupTestCase"/>
  <testcase name="testVerifyLogs" time="0.064" classname="org.wso2.carbon.dss.syntax.test.ServerStartupTestCase"/>
</testsuite>
